Collecting pandas
  Downloading pandas-2.2.3-cp313-cp313-macosx_11_0_arm64.whl.metadata (89 kB)
Collecting biopython
  Downloading biopython-1.85-cp313-cp313-macosx_11_0_arm64.whl.metadata (13 kB)
Collecting numpy>=1.26.0 (from pandas)
  Downloading numpy-2.2.5-cp313-cp313-macosx_14_0_arm64.whl.metadata (62 kB)
Collecting python-dateutil>=2.8.2 (from pandas)
  Using cached python_dateutil-2.9.0.post0-py2.py3-none-any.whl.metadata (8.4 kB)
Collecting pytz>=2020.1 (from pandas)
  Using cached pytz-2025.2-py2.py3-none-any.whl.metadata (22 kB)
Collecting tzdata>=2022.7 (from pandas)
  Using cached tzdata-2025.2-py2.py3-none-any.whl.metadata (1.4 kB)
Collecting six>=1.5 (from python-dateutil>=2.8.2->pandas)
  Using cached six-1.17.0-py2.py3-none-any.whl.metadata (1.7 kB)
Downloading pandas-2.2.3-cp313-cp313-macosx_11_0_arm64.whl (11.3 MB)
   ━━━━━━━━━━━━━━━━━━━━━━━━━━━━━━━━━━━━━━━━ 11.3/11.3 MB 3.3 MB/s eta 0:00:00
Downloading biopython-1.85-cp313-cp313-macosx_11_0_arm64.whl (2.8 MB)
   ━━━━━━━━━━━━━━━━━━━━━━━━━━━━━━━━━━━━━━━━ 2.8/2.8 MB 3.2 MB/s eta 0:00:00
Downloading numpy-2.2.5-cp313-cp313-macosx_14_0_arm64.whl (5.1 MB)
   ━━━━━━━━━━━━━━━━━━━━━━━━━━━━━━━━━━━━━━━━ 5.1/5.1 MB 3.6 MB/s eta 0:00:00
Using cached python_dateutil-2.9.0.post0-py2.py3-none-any.whl (229 kB)
Using cached pytz-2025.2-py2.py3-none-any.whl (509 kB)
Using cached tzdata-2025.2-py2.py3-none-any.whl (347 kB)
Using cached six-1.17.0-py2.py3-none-any.whl (11 kB)
Installing collected packages: pytz, tzdata, six, numpy, python-dateutil, biopython, pandas
Successfully installed biopython-1.85 numpy-2.2.5 pandas-2.2.3 python-dateutil-2.9.0.post0 pytz-2025.2 six-1.17.0 tzdata-2025.2
